The system is: Darwin - 13.3.0 - i386
Compiling the C compiler identification source file "CMakeCCompilerId.c" succeeded.
Compiler: /usr/bin/cc 
Build flags: 
Id flags: 

The output was:
0


Compilation of the C compiler identification source "CMakeCCompilerId.c" produced "a.out"

The C compiler identification is Clang, found in "/Users/shikichi_takuya/advmates/trunk/lib/autogl/CMakeFiles/2.8.11.2/CompilerIdC/a.out"

Compiling the CXX compiler identification source file "CMakeCXXCompilerId.cpp" succeeded.
Compiler: /usr/bin/c++ 
Build flags: 
Id flags: 

The output was:
0


Compilation of the CXX compiler identification source "CMakeCXXCompilerId.cpp" produced "a.out"

The CXX compiler identification is Clang, found in "/Users/shikichi_takuya/advmates/trunk/lib/autogl/CMakeFiles/2.8.11.2/CompilerIdCXX/a.out"

Determining if the C compiler works passed with the following output:
Change Dir: /Users/shikichi_takuya/advmates/trunk/lib/autogl/CMakeFiles/CMakeTmp

Run Build Command:/usr/bin/make "cmTryCompileExec2339884365/fast"
/Applications/Xcode.app/Contents/Developer/usr/bin/make -f CMakeFiles/cmTryCompileExec2339884365.dir/build.make CMakeFiles/cmTryCompileExec2339884365.dir/build
/usr/local/Cellar/cmake/2.8.11.2/bin/cmake -E cmake_progress_report /Users/shikichi_takuya/advmates/trunk/lib/autogl/CMakeFiles/CMakeTmp/CMakeFiles 1
Building C object CMakeFiles/cmTryCompileExec2339884365.dir/testCCompiler.c.o
/usr/bin/cc    -o CMakeFiles/cmTryCompileExec2339884365.dir/testCCompiler.c.o   -c /Users/shikichi_takuya/advmates/trunk/lib/autogl/CMakeFiles/CMakeTmp/testCCompiler.c
Linking C executable cmTryCompileExec2339884365
/usr/local/Cellar/cmake/2.8.11.2/bin/cmake -E cmake_link_script CMakeFiles/cmTryCompileExec2339884365.dir/link.txt --verbose=1
/usr/bin/cc      -Wl,-search_paths_first -Wl,-headerpad_max_install_names   CMakeFiles/cmTryCompileExec2339884365.dir/testCCompiler.c.o  -o cmTryCompileExec2339884365  


Detecting C compiler ABI info compiled with the following output:
Change Dir: /Users/shikichi_takuya/advmates/trunk/lib/autogl/CMakeFiles/CMakeTmp

Run Build Command:/usr/bin/make "cmTryCompileExec1759839274/fast"
/Applications/Xcode.app/Contents/Developer/usr/bin/make -f CMakeFiles/cmTryCompileExec1759839274.dir/build.make CMakeFiles/cmTryCompileExec1759839274.dir/build
/usr/local/Cellar/cmake/2.8.11.2/bin/cmake -E cmake_progress_report /Users/shikichi_takuya/advmates/trunk/lib/autogl/CMakeFiles/CMakeTmp/CMakeFiles 1
Building C object CMakeFiles/cmTryCompileExec1759839274.dir/CMakeCCompilerABI.c.o
/usr/bin/cc    -o CMakeFiles/cmTryCompileExec1759839274.dir/CMakeCCompilerABI.c.o   -c /usr/local/Cellar/cmake/2.8.11.2/share/cmake/Modules/CMakeCCompilerABI.c
Linking C executable cmTryCompileExec1759839274
/usr/local/Cellar/cmake/2.8.11.2/bin/cmake -E cmake_link_script CMakeFiles/cmTryCompileExec1759839274.dir/link.txt --verbose=1
/usr/bin/cc      -Wl,-search_paths_first -Wl,-headerpad_max_install_names -v -Wl,-v CMakeFiles/cmTryCompileExec1759839274.dir/CMakeCCompilerABI.c.o  -o cmTryCompileExec1759839274   
Apple LLVM version 5.1 (clang-503.0.40) (based on LLVM 3.4svn)
Target: x86_64-apple-darwin13.3.0
Thread model: posix
 "/Applications/Xcode.app/Contents/Developer/Toolchains/XcodeDefault.xctoolchain/usr/bin/ld" -demangle -dynamic -arch x86_64 -macosx_version_min 10.9.0 -o cmTryCompileExec1759839274 -search_paths_first -headerpad_max_install_names -v CMakeFiles/cmTryCompileExec1759839274.dir/CMakeCCompilerABI.c.o -lSystem /Applications/Xcode.app/Contents/Developer/Toolchains/XcodeDefault.xctoolchain/usr/bin/../lib/clang/5.1/lib/darwin/libclang_rt.osx.a
@(#)PROGRAM:ld  PROJECT:ld64-236.4
configured to support archs: armv6 armv7 armv7s arm64 i386 x86_64 armv6m armv7m armv7em
Library search paths:
	/usr/lib
	/usr/local/lib
Framework search paths:
	/Library/Frameworks/
	/System/Library/Frameworks/


Parsed C implicit link information from above output:
  link line regex: [^( *|.*[/\])(ld|ld|collect2)[^/\]*( |$)]
  ignore line: [Change Dir: /Users/shikichi_takuya/advmates/trunk/lib/autogl/CMakeFiles/CMakeTmp]
  ignore line: []
  ignore line: [Run Build Command:/usr/bin/make "cmTryCompileExec1759839274/fast"]
  ignore line: [/Applications/Xcode.app/Contents/Developer/usr/bin/make -f CMakeFiles/cmTryCompileExec1759839274.dir/build.make CMakeFiles/cmTryCompileExec1759839274.dir/build]
  ignore line: [/usr/local/Cellar/cmake/2.8.11.2/bin/cmake -E cmake_progress_report /Users/shikichi_takuya/advmates/trunk/lib/autogl/CMakeFiles/CMakeTmp/CMakeFiles 1]
  ignore line: [Building C object CMakeFiles/cmTryCompileExec1759839274.dir/CMakeCCompilerABI.c.o]
  ignore line: [/usr/bin/cc    -o CMakeFiles/cmTryCompileExec1759839274.dir/CMakeCCompilerABI.c.o   -c /usr/local/Cellar/cmake/2.8.11.2/share/cmake/Modules/CMakeCCompilerABI.c]
  ignore line: [Linking C executable cmTryCompileExec1759839274]
  ignore line: [/usr/local/Cellar/cmake/2.8.11.2/bin/cmake -E cmake_link_script CMakeFiles/cmTryCompileExec1759839274.dir/link.txt --verbose=1]
  ignore line: [/usr/bin/cc      -Wl,-search_paths_first -Wl,-headerpad_max_install_names -v -Wl,-v CMakeFiles/cmTryCompileExec1759839274.dir/CMakeCCompilerABI.c.o  -o cmTryCompileExec1759839274   ]
  ignore line: [Apple LLVM version 5.1 (clang-503.0.40) (based on LLVM 3.4svn)]
  ignore line: [Target: x86_64-apple-darwin13.3.0]
  ignore line: [Thread model: posix]
  link line: [ "/Applications/Xcode.app/Contents/Developer/Toolchains/XcodeDefault.xctoolchain/usr/bin/ld" -demangle -dynamic -arch x86_64 -macosx_version_min 10.9.0 -o cmTryCompileExec1759839274 -search_paths_first -headerpad_max_install_names -v CMakeFiles/cmTryCompileExec1759839274.dir/CMakeCCompilerABI.c.o -lSystem /Applications/Xcode.app/Contents/Developer/Toolchains/XcodeDefault.xctoolchain/usr/bin/../lib/clang/5.1/lib/darwin/libclang_rt.osx.a]
    arg [/Applications/Xcode.app/Contents/Developer/Toolchains/XcodeDefault.xctoolchain/usr/bin/ld] ==> ignore
    arg [-demangle] ==> ignore
    arg [-dynamic] ==> ignore
    arg [-arch] ==> ignore
    arg [x86_64] ==> ignore
    arg [-macosx_version_min] ==> ignore
    arg [10.9.0] ==> ignore
    arg [-o] ==> ignore
    arg [cmTryCompileExec1759839274] ==> ignore
    arg [-search_paths_first] ==> ignore
    arg [-headerpad_max_install_names] ==> ignore
    arg [-v] ==> ignore
    arg [CMakeFiles/cmTryCompileExec1759839274.dir/CMakeCCompilerABI.c.o] ==> ignore
    arg [-lSystem] ==> lib [System]
    arg [/Applications/Xcode.app/Contents/Developer/Toolchains/XcodeDefault.xctoolchain/usr/bin/../lib/clang/5.1/lib/darwin/libclang_rt.osx.a] ==> lib [/Applications/Xcode.app/Contents/Developer/Toolchains/XcodeDefault.xctoolchain/usr/bin/../lib/clang/5.1/lib/darwin/libclang_rt.osx.a]
  Library search paths: [;/usr/lib;/usr/local/lib]
  Framework search paths: [;/Library/Frameworks/;/System/Library/Frameworks/]
  remove lib [System]
  collapse lib [/Applications/Xcode.app/Contents/Developer/Toolchains/XcodeDefault.xctoolchain/usr/bin/../lib/clang/5.1/lib/darwin/libclang_rt.osx.a] ==> [/Applications/Xcode.app/Contents/Developer/Toolchains/XcodeDefault.xctoolchain/usr/lib/clang/5.1/lib/darwin/libclang_rt.osx.a]
  collapse library dir [/usr/lib] ==> [/usr/lib]
  collapse library dir [/usr/local/lib] ==> [/usr/local/lib]
  collapse framework dir [/Library/Frameworks/] ==> [/Library/Frameworks]
  collapse framework dir [/System/Library/Frameworks/] ==> [/System/Library/Frameworks]
  implicit libs: [/Applications/Xcode.app/Contents/Developer/Toolchains/XcodeDefault.xctoolchain/usr/lib/clang/5.1/lib/darwin/libclang_rt.osx.a]
  implicit dirs: [/usr/lib;/usr/local/lib]
  implicit fwks: [/Library/Frameworks;/System/Library/Frameworks]


Determining if the CXX compiler works passed with the following output:
Change Dir: /Users/shikichi_takuya/advmates/trunk/lib/autogl/CMakeFiles/CMakeTmp

Run Build Command:/usr/bin/make "cmTryCompileExec1216053018/fast"
/Applications/Xcode.app/Contents/Developer/usr/bin/make -f CMakeFiles/cmTryCompileExec1216053018.dir/build.make CMakeFiles/cmTryCompileExec1216053018.dir/build
/usr/local/Cellar/cmake/2.8.11.2/bin/cmake -E cmake_progress_report /Users/shikichi_takuya/advmates/trunk/lib/autogl/CMakeFiles/CMakeTmp/CMakeFiles 1
Building CXX object CMakeFiles/cmTryCompileExec1216053018.dir/testCXXCompiler.cxx.o
/usr/bin/c++     -o CMakeFiles/cmTryCompileExec1216053018.dir/testCXXCompiler.cxx.o -c /Users/shikichi_takuya/advmates/trunk/lib/autogl/CMakeFiles/CMakeTmp/testCXXCompiler.cxx
Linking CXX executable cmTryCompileExec1216053018
/usr/local/Cellar/cmake/2.8.11.2/bin/cmake -E cmake_link_script CMakeFiles/cmTryCompileExec1216053018.dir/link.txt --verbose=1
/usr/bin/c++       -Wl,-search_paths_first -Wl,-headerpad_max_install_names   CMakeFiles/cmTryCompileExec1216053018.dir/testCXXCompiler.cxx.o  -o cmTryCompileExec1216053018  


Detecting CXX compiler ABI info compiled with the following output:
Change Dir: /Users/shikichi_takuya/advmates/trunk/lib/autogl/CMakeFiles/CMakeTmp

Run Build Command:/usr/bin/make "cmTryCompileExec231239367/fast"
/Applications/Xcode.app/Contents/Developer/usr/bin/make -f CMakeFiles/cmTryCompileExec231239367.dir/build.make CMakeFiles/cmTryCompileExec231239367.dir/build
/usr/local/Cellar/cmake/2.8.11.2/bin/cmake -E cmake_progress_report /Users/shikichi_takuya/advmates/trunk/lib/autogl/CMakeFiles/CMakeTmp/CMakeFiles 1
Building CXX object CMakeFiles/cmTryCompileExec231239367.dir/CMakeCXXCompilerABI.cpp.o
/usr/bin/c++     -o CMakeFiles/cmTryCompileExec231239367.dir/CMakeCXXCompilerABI.cpp.o -c /usr/local/Cellar/cmake/2.8.11.2/share/cmake/Modules/CMakeCXXCompilerABI.cpp
Linking CXX executable cmTryCompileExec231239367
/usr/local/Cellar/cmake/2.8.11.2/bin/cmake -E cmake_link_script CMakeFiles/cmTryCompileExec231239367.dir/link.txt --verbose=1
/usr/bin/c++       -Wl,-search_paths_first -Wl,-headerpad_max_install_names -v -Wl,-v CMakeFiles/cmTryCompileExec231239367.dir/CMakeCXXCompilerABI.cpp.o  -o cmTryCompileExec231239367   
Apple LLVM version 5.1 (clang-503.0.40) (based on LLVM 3.4svn)
Target: x86_64-apple-darwin13.3.0
Thread model: posix
 "/Applications/Xcode.app/Contents/Developer/Toolchains/XcodeDefault.xctoolchain/usr/bin/ld" -demangle -dynamic -arch x86_64 -macosx_version_min 10.9.0 -o cmTryCompileExec231239367 -search_paths_first -headerpad_max_install_names -v CMakeFiles/cmTryCompileExec231239367.dir/CMakeCXXCompilerABI.cpp.o -lc++ -lSystem /Applications/Xcode.app/Contents/Developer/Toolchains/XcodeDefault.xctoolchain/usr/bin/../lib/clang/5.1/lib/darwin/libclang_rt.osx.a
@(#)PROGRAM:ld  PROJECT:ld64-236.4
configured to support archs: armv6 armv7 armv7s arm64 i386 x86_64 armv6m armv7m armv7em
Library search paths:
	/usr/lib
	/usr/local/lib
Framework search paths:
	/Library/Frameworks/
	/System/Library/Frameworks/


Parsed CXX implicit link information from above output:
  link line regex: [^( *|.*[/\])(ld|ld|collect2)[^/\]*( |$)]
  ignore line: [Change Dir: /Users/shikichi_takuya/advmates/trunk/lib/autogl/CMakeFiles/CMakeTmp]
  ignore line: []
  ignore line: [Run Build Command:/usr/bin/make "cmTryCompileExec231239367/fast"]
  ignore line: [/Applications/Xcode.app/Contents/Developer/usr/bin/make -f CMakeFiles/cmTryCompileExec231239367.dir/build.make CMakeFiles/cmTryCompileExec231239367.dir/build]
  ignore line: [/usr/local/Cellar/cmake/2.8.11.2/bin/cmake -E cmake_progress_report /Users/shikichi_takuya/advmates/trunk/lib/autogl/CMakeFiles/CMakeTmp/CMakeFiles 1]
  ignore line: [Building CXX object CMakeFiles/cmTryCompileExec231239367.dir/CMakeCXXCompilerABI.cpp.o]
  ignore line: [/usr/bin/c++     -o CMakeFiles/cmTryCompileExec231239367.dir/CMakeCXXCompilerABI.cpp.o -c /usr/local/Cellar/cmake/2.8.11.2/share/cmake/Modules/CMakeCXXCompilerABI.cpp]
  ignore line: [Linking CXX executable cmTryCompileExec231239367]
  ignore line: [/usr/local/Cellar/cmake/2.8.11.2/bin/cmake -E cmake_link_script CMakeFiles/cmTryCompileExec231239367.dir/link.txt --verbose=1]
  ignore line: [/usr/bin/c++       -Wl,-search_paths_first -Wl,-headerpad_max_install_names -v -Wl,-v CMakeFiles/cmTryCompileExec231239367.dir/CMakeCXXCompilerABI.cpp.o  -o cmTryCompileExec231239367   ]
  ignore line: [Apple LLVM version 5.1 (clang-503.0.40) (based on LLVM 3.4svn)]
  ignore line: [Target: x86_64-apple-darwin13.3.0]
  ignore line: [Thread model: posix]
  link line: [ "/Applications/Xcode.app/Contents/Developer/Toolchains/XcodeDefault.xctoolchain/usr/bin/ld" -demangle -dynamic -arch x86_64 -macosx_version_min 10.9.0 -o cmTryCompileExec231239367 -search_paths_first -headerpad_max_install_names -v CMakeFiles/cmTryCompileExec231239367.dir/CMakeCXXCompilerABI.cpp.o -lc++ -lSystem /Applications/Xcode.app/Contents/Developer/Toolchains/XcodeDefault.xctoolchain/usr/bin/../lib/clang/5.1/lib/darwin/libclang_rt.osx.a]
    arg [/Applications/Xcode.app/Contents/Developer/Toolchains/XcodeDefault.xctoolchain/usr/bin/ld] ==> ignore
    arg [-demangle] ==> ignore
    arg [-dynamic] ==> ignore
    arg [-arch] ==> ignore
    arg [x86_64] ==> ignore
    arg [-macosx_version_min] ==> ignore
    arg [10.9.0] ==> ignore
    arg [-o] ==> ignore
    arg [cmTryCompileExec231239367] ==> ignore
    arg [-search_paths_first] ==> ignore
    arg [-headerpad_max_install_names] ==> ignore
    arg [-v] ==> ignore
    arg [CMakeFiles/cmTryCompileExec231239367.dir/CMakeCXXCompilerABI.cpp.o] ==> ignore
    arg [-lc++] ==> lib [c++]
    arg [-lSystem] ==> lib [System]
    arg [/Applications/Xcode.app/Contents/Developer/Toolchains/XcodeDefault.xctoolchain/usr/bin/../lib/clang/5.1/lib/darwin/libclang_rt.osx.a] ==> lib [/Applications/Xcode.app/Contents/Developer/Toolchains/XcodeDefault.xctoolchain/usr/bin/../lib/clang/5.1/lib/darwin/libclang_rt.osx.a]
  Library search paths: [;/usr/lib;/usr/local/lib]
  Framework search paths: [;/Library/Frameworks/;/System/Library/Frameworks/]
  remove lib [System]
  collapse lib [/Applications/Xcode.app/Contents/Developer/Toolchains/XcodeDefault.xctoolchain/usr/bin/../lib/clang/5.1/lib/darwin/libclang_rt.osx.a] ==> [/Applications/Xcode.app/Contents/Developer/Toolchains/XcodeDefault.xctoolchain/usr/lib/clang/5.1/lib/darwin/libclang_rt.osx.a]
  collapse library dir [/usr/lib] ==> [/usr/lib]
  collapse library dir [/usr/local/lib] ==> [/usr/local/lib]
  collapse framework dir [/Library/Frameworks/] ==> [/Library/Frameworks]
  collapse framework dir [/System/Library/Frameworks/] ==> [/System/Library/Frameworks]
  implicit libs: [c++;/Applications/Xcode.app/Contents/Developer/Toolchains/XcodeDefault.xctoolchain/usr/lib/clang/5.1/lib/darwin/libclang_rt.osx.a]
  implicit dirs: [/usr/lib;/usr/local/lib]
  implicit fwks: [/Library/Frameworks;/System/Library/Frameworks]


Determining if the function XOpenDisplay exists in the /usr/X11R6/lib/libX11.dylib;/usr/X11R6/lib/libXext.dylib passed with the following output:
Change Dir: /Users/shikichi_takuya/advmates/trunk/lib/autogl/CMakeFiles/CMakeTmp

Run Build Command:/usr/bin/make "cmTryCompileExec2864179815/fast"
/Applications/Xcode.app/Contents/Developer/usr/bin/make -f CMakeFiles/cmTryCompileExec2864179815.dir/build.make CMakeFiles/cmTryCompileExec2864179815.dir/build
/usr/local/Cellar/cmake/2.8.11.2/bin/cmake -E cmake_progress_report /Users/shikichi_takuya/advmates/trunk/lib/autogl/CMakeFiles/CMakeTmp/CMakeFiles 1
Building C object CMakeFiles/cmTryCompileExec2864179815.dir/CheckFunctionExists.c.o
/usr/bin/cc   -DCHECK_FUNCTION_EXISTS=XOpenDisplay   -o CMakeFiles/cmTryCompileExec2864179815.dir/CheckFunctionExists.c.o   -c /usr/local/Cellar/cmake/2.8.11.2/share/cmake/Modules/CheckFunctionExists.c
Linking C executable cmTryCompileExec2864179815
/usr/local/Cellar/cmake/2.8.11.2/bin/cmake -E cmake_link_script CMakeFiles/cmTryCompileExec2864179815.dir/link.txt --verbose=1
/usr/bin/cc     -DCHECK_FUNCTION_EXISTS=XOpenDisplay -Wl,-search_paths_first -Wl,-headerpad_max_install_names   CMakeFiles/cmTryCompileExec2864179815.dir/CheckFunctionExists.c.o  -o cmTryCompileExec2864179815  -L/usr/X11R6/lib  /usr/X11R6/lib/libX11.dylib /usr/X11R6/lib/libXext.dylib 


Determining if the function gethostbyname exists passed with the following output:
Change Dir: /Users/shikichi_takuya/advmates/trunk/lib/autogl/CMakeFiles/CMakeTmp

Run Build Command:/usr/bin/make "cmTryCompileExec753718057/fast"
/Applications/Xcode.app/Contents/Developer/usr/bin/make -f CMakeFiles/cmTryCompileExec753718057.dir/build.make CMakeFiles/cmTryCompileExec753718057.dir/build
/usr/local/Cellar/cmake/2.8.11.2/bin/cmake -E cmake_progress_report /Users/shikichi_takuya/advmates/trunk/lib/autogl/CMakeFiles/CMakeTmp/CMakeFiles 1
Building C object CMakeFiles/cmTryCompileExec753718057.dir/CheckFunctionExists.c.o
/usr/bin/cc   -DCHECK_FUNCTION_EXISTS=gethostbyname   -o CMakeFiles/cmTryCompileExec753718057.dir/CheckFunctionExists.c.o   -c /usr/local/Cellar/cmake/2.8.11.2/share/cmake/Modules/CheckFunctionExists.c
Linking C executable cmTryCompileExec753718057
/usr/local/Cellar/cmake/2.8.11.2/bin/cmake -E cmake_link_script CMakeFiles/cmTryCompileExec753718057.dir/link.txt --verbose=1
/usr/bin/cc     -DCHECK_FUNCTION_EXISTS=gethostbyname -Wl,-search_paths_first -Wl,-headerpad_max_install_names   CMakeFiles/cmTryCompileExec753718057.dir/CheckFunctionExists.c.o  -o cmTryCompileExec753718057  


Determining if the function connect exists passed with the following output:
Change Dir: /Users/shikichi_takuya/advmates/trunk/lib/autogl/CMakeFiles/CMakeTmp

Run Build Command:/usr/bin/make "cmTryCompileExec787603334/fast"
/Applications/Xcode.app/Contents/Developer/usr/bin/make -f CMakeFiles/cmTryCompileExec787603334.dir/build.make CMakeFiles/cmTryCompileExec787603334.dir/build
/usr/local/Cellar/cmake/2.8.11.2/bin/cmake -E cmake_progress_report /Users/shikichi_takuya/advmates/trunk/lib/autogl/CMakeFiles/CMakeTmp/CMakeFiles 1
Building C object CMakeFiles/cmTryCompileExec787603334.dir/CheckFunctionExists.c.o
/usr/bin/cc   -DCHECK_FUNCTION_EXISTS=connect   -o CMakeFiles/cmTryCompileExec787603334.dir/CheckFunctionExists.c.o   -c /usr/local/Cellar/cmake/2.8.11.2/share/cmake/Modules/CheckFunctionExists.c
Linking C executable cmTryCompileExec787603334
/usr/local/Cellar/cmake/2.8.11.2/bin/cmake -E cmake_link_script CMakeFiles/cmTryCompileExec787603334.dir/link.txt --verbose=1
/usr/bin/cc     -DCHECK_FUNCTION_EXISTS=connect -Wl,-search_paths_first -Wl,-headerpad_max_install_names   CMakeFiles/cmTryCompileExec787603334.dir/CheckFunctionExists.c.o  -o cmTryCompileExec787603334  


Determining if the function remove exists passed with the following output:
Change Dir: /Users/shikichi_takuya/advmates/trunk/lib/autogl/CMakeFiles/CMakeTmp

Run Build Command:/usr/bin/make "cmTryCompileExec1546804233/fast"
/Applications/Xcode.app/Contents/Developer/usr/bin/make -f CMakeFiles/cmTryCompileExec1546804233.dir/build.make CMakeFiles/cmTryCompileExec1546804233.dir/build
/usr/local/Cellar/cmake/2.8.11.2/bin/cmake -E cmake_progress_report /Users/shikichi_takuya/advmates/trunk/lib/autogl/CMakeFiles/CMakeTmp/CMakeFiles 1
Building C object CMakeFiles/cmTryCompileExec1546804233.dir/CheckFunctionExists.c.o
/usr/bin/cc   -DCHECK_FUNCTION_EXISTS=remove   -o CMakeFiles/cmTryCompileExec1546804233.dir/CheckFunctionExists.c.o   -c /usr/local/Cellar/cmake/2.8.11.2/share/cmake/Modules/CheckFunctionExists.c
Linking C executable cmTryCompileExec1546804233
/usr/local/Cellar/cmake/2.8.11.2/bin/cmake -E cmake_link_script CMakeFiles/cmTryCompileExec1546804233.dir/link.txt --verbose=1
/usr/bin/cc     -DCHECK_FUNCTION_EXISTS=remove -Wl,-search_paths_first -Wl,-headerpad_max_install_names   CMakeFiles/cmTryCompileExec1546804233.dir/CheckFunctionExists.c.o  -o cmTryCompileExec1546804233  


Determining if the function shmat exists passed with the following output:
Change Dir: /Users/shikichi_takuya/advmates/trunk/lib/autogl/CMakeFiles/CMakeTmp

Run Build Command:/usr/bin/make "cmTryCompileExec3753472333/fast"
/Applications/Xcode.app/Contents/Developer/usr/bin/make -f CMakeFiles/cmTryCompileExec3753472333.dir/build.make CMakeFiles/cmTryCompileExec3753472333.dir/build
/usr/local/Cellar/cmake/2.8.11.2/bin/cmake -E cmake_progress_report /Users/shikichi_takuya/advmates/trunk/lib/autogl/CMakeFiles/CMakeTmp/CMakeFiles 1
Building C object CMakeFiles/cmTryCompileExec3753472333.dir/CheckFunctionExists.c.o
/usr/bin/cc   -DCHECK_FUNCTION_EXISTS=shmat   -o CMakeFiles/cmTryCompileExec3753472333.dir/CheckFunctionExists.c.o   -c /usr/local/Cellar/cmake/2.8.11.2/share/cmake/Modules/CheckFunctionExists.c
Linking C executable cmTryCompileExec3753472333
/usr/local/Cellar/cmake/2.8.11.2/bin/cmake -E cmake_link_script CMakeFiles/cmTryCompileExec3753472333.dir/link.txt --verbose=1
/usr/bin/cc     -DCHECK_FUNCTION_EXISTS=shmat -Wl,-search_paths_first -Wl,-headerpad_max_install_names   CMakeFiles/cmTryCompileExec3753472333.dir/CheckFunctionExists.c.o  -o cmTryCompileExec3753472333  


Determining if the function IceConnectionNumber exists in the ICE passed with the following output:
Change Dir: /Users/shikichi_takuya/advmates/trunk/lib/autogl/CMakeFiles/CMakeTmp

Run Build Command:/usr/bin/make "cmTryCompileExec1516419351/fast"
/Applications/Xcode.app/Contents/Developer/usr/bin/make -f CMakeFiles/cmTryCompileExec1516419351.dir/build.make CMakeFiles/cmTryCompileExec1516419351.dir/build
/usr/local/Cellar/cmake/2.8.11.2/bin/cmake -E cmake_progress_report /Users/shikichi_takuya/advmates/trunk/lib/autogl/CMakeFiles/CMakeTmp/CMakeFiles 1
Building C object CMakeFiles/cmTryCompileExec1516419351.dir/CheckFunctionExists.c.o
/usr/bin/cc   -DCHECK_FUNCTION_EXISTS=IceConnectionNumber   -o CMakeFiles/cmTryCompileExec1516419351.dir/CheckFunctionExists.c.o   -c /usr/local/Cellar/cmake/2.8.11.2/share/cmake/Modules/CheckFunctionExists.c
Linking C executable cmTryCompileExec1516419351
/usr/local/Cellar/cmake/2.8.11.2/bin/cmake -E cmake_link_script CMakeFiles/cmTryCompileExec1516419351.dir/link.txt --verbose=1
/usr/bin/cc     -DCHECK_FUNCTION_EXISTS=IceConnectionNumber -Wl,-search_paths_first -Wl,-headerpad_max_install_names   CMakeFiles/cmTryCompileExec1516419351.dir/CheckFunctionExists.c.o  -o cmTryCompileExec1516419351  -L/usr/X11R6/lib  -lICE 


